[    0.000000] Linux version 4.15.0-200-generic (buildd@lcy02-amd64-069) (gcc version 7.5.0 (Ubuntu 7.5.0-3ubuntu1~18.04)) #211-Ubuntu SMP Thu Nov 24 18:16:04 UTC 2022 (Ubuntu 4.15.0-200.211-generic 4.15.18)
[    0.000000] Command line: BOOT_IMAGE=/boot/vmlinuz-4.15.0-200-generic root=LABEL=cloudimg-rootfs ro console=tty1 console=ttyS0
[    0.000000] KERNEL supported cpus:
[    0.000000]   Intel GenuineIntel
[    0.000000]   AMD AuthenticAMD
[    0.000000]   Centaur CentaurHauls
[    0.000000] x86/fpu: Supporting XSAVE feature 0x001: 'x87 floating point registers'
[    0.000000] x86/fpu: Supporting XSAVE feature 0x002: 'SSE registers'
[    0.000000] x86/fpu: Supporting XSAVE feature 0x004: 'AVX registers'
[    0.000000] x86/fpu: xstate_offset[2]:  576, xstate_sizes[2]:  256
[    0.000000] x86/fpu: Enabled xstate features 0x7, context size is 832 bytes, using 'standard' format.
[    0.000000] e820: BIOS-provided physical RAM map:
[    0.000000] BIOS-e820: [mem 0x0000000000000000-0x000000000009fbff] usable
[    0.000000] BIOS-e820: [mem 0x000000000009fc00-0x000000000009ffff] reserved
[    0.000000] BIOS-e820: [mem 0x00000000000f0000-0x00000000000fffff] reserved
[    0.000000] BIOS-e820: [mem 0x0000000000100000-0x000000003ffeffff] usable
[    0.000000] BIOS-e820: [mem 0x000000003fff0000-0x000000003fffffff] ACPI data
[    0.000000] BIOS-e820: [mem 0x00000000fec00000-0x00000000fec00fff] reserved
[    0.000000] BIOS-e820: [mem 0x00000000fee00000-0x00000000fee00fff] reserved
[    0.000000] BIOS-e820: [mem 0x00000000fffc0000-0x00000000ffffffff] reserved
[    0.000000] NX (Execute Disable) protection: active
[    0.000000] SMBIOS 2.5 present.
[    0.000000] DMI: innotek GmbH VirtualBox/VirtualBox, BIOS VirtualBox 12/01/2006
[    0.000000] Hypervisor detected: KVM
[    0.000000] e820: last_pfn = 0x3fff0 max_arch_pfn = 0x400000000
[    0.000000] MTRR: Disabled
[    0.000000] x86/PAT: MTRRs disabled, skipping PAT initialization too.
[    0.000000] CPU MTRRs all blank - virtualized system.
[    0.000000] x86/PAT: Configuration [0-7]: WB  WT  UC- UC  WB  WT  UC- UC  
[    0.000000] found SMP MP-table at [mem 0x0009fff0-0x0009ffff]
[    0.000000] Scanning 1 areas for low memory corruption
[    0.000000] RAMDISK: [mem 0x359c9000-0x36cdbfff]
[    0.000000] ACPI: Early table checksum verification disabled
[    0.000000] ACPI: RSDP 0x00000000000E0000 000024 (v02 VBOX  )
[    0.000000] ACPI: XSDT 0x000000003FFF0030 00003C (v01 VBOX   VBOXXSDT 00000001 ASL  00000061)
[    0.000000] ACPI: FACP 0x000000003FFF00F0 0000F4 (v04 VBOX   VBOXFACP 00000001 ASL  00000061)
[    0.000000] ACPI: DSDT 0x000000003FFF0610 002353 (v02 VBOX   VBOXBIOS 00000002 INTL 20200528)
[    0.000000] ACPI: FACS 0x000000003FFF0200 000040
[    0.000000] ACPI: FACS 0x000000003FFF0200 000040
[    0.000000] ACPI: APIC 0x000000003FFF0240 00005C (v02 VBOX   VBOXAPIC 00000001 ASL  00000061)
[    0.000000] ACPI: SSDT 0x000000003FFF02A0 00036C (v01 VBOX   VBOXCPUT 00000002 INTL 20200528)
[    0.000000] ACPI: Reserving FACP table memory at [mem 0x3fff00f0-0x3fff01e3]
[    0.000000] ACPI: Reserving DSDT table memory at [mem 0x3fff0610-0x3fff2962]
[    0.000000] ACPI: Reserving FACS table memory at [mem 0x3fff0200-0x3fff023f]
[    0.000000] ACPI: Reserving FACS table memory at [mem 0x3fff0200-0x3fff023f]
[    0.000000] ACPI: Reserving APIC table memory at [mem 0x3fff0240-0x3fff029b]
[    0.000000] ACPI: Reserving SSDT table memory at [mem 0x3fff02a0-0x3fff060b]
[    0.000000] No NUMA configuration found
[    0.000000] Faking a node at [mem 0x0000000000000000-0x000000003ffeffff]
[    0.000000] NODE_DATA(0) allocated [mem 0x3ffc5000-0x3ffeffff]
[    0.000000] kvm-clock: cpu 0, msr 0:3ff44001, primary cpu clock
[    0.000000] kvm-clock: Using msrs 4b564d01 and 4b564d00
[    0.000000] kvm-clock: using sched offset of 3615843888 cycles
[    0.000000] clocksource: kvm-clock: mask: 0xffffffffffffffff max_cycles: 0x1cd42e4dffb, max_idle_ns: 881590591483 ns
[    0.000000] Zone ranges:
[    0.000000]   DMA      [mem 0x0000000000001000-0x0000000000ffffff]
[    0.000000]   DMA32    [mem 0x0000000001000000-0x000000003ffeffff]
[    0.000000]   Normal   empty
[    0.000000]   Device   empty
[    0.000000] Movable zone start for each node
[    0.000000] Early memory node ranges
[    0.000000]   node   0: [mem 0x0000000000001000-0x000000000009efff]
[    0.000000]   node   0: [mem 0x0000000000100000-0x000000003ffeffff]
[    0.000000] Reserved but unavailable: 104 pages
[    0.000000] Initmem setup node 0 [mem 0x0000000000001000-0x000000003ffeffff]
[    0.000000] ACPI: PM-Timer IO Port: 0x4008
[    0.000000] IOAPIC[0]: apic_id 2, version 32, address 0xfec00000, GSI 0-23
[    0.000000] ACPI: INT_SRC_OVR (bus 0 bus_irq 0 global_irq 2 dfl dfl)
[    0.000000] ACPI: INT_SRC_OVR (bus 0 bus_irq 9 global_irq 9 low level)
[    0.000000] Using ACPI (MADT) for SMP configuration information
[    0.000000] smpboot: Allowing 2 CPUs, 0 hotplug CPUs
[    0.000000] PM: Registered nosave memory: [mem 0x00000000-0x00000fff]
[    0.000000] PM: Registered nosave memory: [mem 0x0009f000-0x0009ffff]
[    0.000000] PM: Registered nosave memory: [mem 0x000a0000-0x000effff]
[    0.000000] PM: Registered nosave memory: [mem 0x000f0000-0x000fffff]
[    0.000000] e820: [mem 0x40000000-0xfebfffff] available for PCI devices
[    0.000000] Booting paravirtualized kernel on KVM
[    0.000000] clocksource: refined-jiffies: mask: 0xffffffff max_cycles: 0xffffffff, max_idle_ns: 7645519600211568 ns
[    0.000000] setup_percpu: NR_CPUS:8192 nr_cpumask_bits:2 nr_cpu_ids:2 nr_node_ids:1
[    0.000000] percpu: Embedded 50 pages/cpu s167936 r8192 d28672 u1048576
[    0.000000] PV qspinlock hash table entries: 256 (order: 0, 4096 bytes)
[    0.000000] Built 1 zonelists, mobility grouping on.  Total pages: 257913
[    0.000000] Policy zone: DMA32
[    0.000000] Kernel command line: BOOT_IMAGE=/boot/vmlinuz-4.15.0-200-generic root=LABEL=cloudimg-rootfs ro console=tty1 console=ttyS0
[    0.000000] Memory: 982648K/1048120K available (12300K kernel code, 2477K rwdata, 4320K rodata, 2472K init, 2720K bss, 65472K reserved, 0K cma-reserved)
[    0.000000] SLUB: HWalign=64, Order=0-3, MinObjects=0, CPUs=2, Nodes=1
[    0.000000] Kernel/User page tables isolation: enabled
[    0.000000] ftrace: allocating 39478 entries in 155 pages
[    0.004000] Hierarchical RCU implementation.
[    0.004000] 	RCU restricting CPUs from NR_CPUS=8192 to nr_cpu_ids=2.
[    0.004000] 	Tasks RCU enabled.
[    0.004000] RCU: Adjusting geometry for rcu_fanout_leaf=16, nr_cpu_ids=2
[    0.004000] NR_IRQS: 524544, nr_irqs: 440, preallocated irqs: 16
[    0.004000] random: crng init done
[    0.004000] Console: colour VGA+ 80x25
[    0.004000] console [tty1] enabled
[    0.004000] console [ttyS0] enabled
[    0.004000] ACPI: Core revision 20170831
[    0.004000] ACPI: 2 ACPI AML tables successfully acquired and loaded
[    0.004000] APIC: Switch to symmetric I/O mode setup
[    0.004781] x2apic enabled
[    0.008020] Switched APIC routing to physical x2apic.
[    0.012000] ..TIMER: vector=0x30 apic1=0 pin1=2 apic2=-1 pin2=-1
[    0.012005] tsc: Detected 2308.408 MHz processor
[    0.016012] Calibrating delay loop (skipped) preset value.. 4616.81 BogoMIPS (lpj=9233632)
[    0.020008] pid_max: default: 32768 minimum: 301
[    0.022688] Security Framework initialized
[    0.024004] Yama: becoming mindful.
[    0.028081] AppArmor: AppArmor initialized
[    0.033164] Dentry cache hash table entries: 131072 (order: 8, 1048576 bytes)
[    0.036908] Inode-cache hash table entries: 65536 (order: 7, 524288 bytes)
[    0.040041] Mount-cache hash table entries: 2048 (order: 2, 16384 bytes)
[    0.044040] Mountpoint-cache hash table entries: 2048 (order: 2, 16384 bytes)
[    0.049379] Last level iTLB entries: 4KB 0, 2MB 0, 4MB 0
[    0.052002] Last level dTLB entries: 4KB 0, 2MB 0, 4MB 0, 1GB 0
[    0.056017] Spectre V1 : Mitigation: usercopy/swapgs barriers and __user pointer sanitization
[    0.060007] Spectre V2 : Mitigation: Retpolines
[    0.064002] Spectre V2 : Spectre v2 / SpectreRSB mitigation: Filling RSB on context switch
[    0.068003] Speculative Store Bypass: Vulnerable
[    0.072117] MDS: Mitigation: Clear CPU buffers
[    0.076006] MMIO Stale Data: Mitigation: Clear CPU buffers
[    0.079256] SRBDS: Unknown: Dependent on hypervisor status
[    0.080172] Freeing SMP alternatives memory: 36K
[    0.197380] smpboot: CPU0: Intel(R) Core(TM) i7-1068NG7 CPU @ 2.30GHz (family: 0x6, model: 0x7e, stepping: 0x5)
[    0.200273] Performance Events: unsupported p6 CPU model 126 no PMU driver, software events only.
[    0.204100] Hierarchical SRCU implementation.
[    0.208482] NMI watchdog: Perf event create on CPU 0 failed with -2
[    0.212003] NMI watchdog: Perf NMI watchdog permanently disabled
[    0.216143] smp: Bringing up secondary CPUs ...
[    0.219757] x86: Booting SMP configuration:
[    0.220006] .... node  #0, CPUs:      #1
[    0.004000] kvm-clock: cpu 1, msr 0:3ff44041, secondary cpu clock
[    0.224045] smp: Brought up 1 node, 2 CPUs
[    0.228006] smpboot: Max logical packages: 1
[    0.232010] smpboot: Total of 2 processors activated (9233.63 BogoMIPS)
[    0.236261] devtmpfs: initialized
[    0.237994] x86/mm: Memory block size: 128MB
[    0.240221] evm: security.selinux
[    0.242136] evm: security.SMACK64
[    0.244003] evm: security.SMACK64EXEC
[    0.246367] evm: security.SMACK64TRANSMUTE
[    0.248005] evm: security.SMACK64MMAP
[    0.250728] evm: security.apparmor
[    0.252004] evm: security.ima
[    0.256003] evm: security.capability
[    0.258259] clocksource: jiffies: mask: 0xffffffff max_cycles: 0xffffffff, max_idle_ns: 7645041785100000 ns
[    0.260037] futex hash table entries: 512 (order: 3, 32768 bytes)
[    0.264111] pinctrl core: initialized pinctrl subsystem
[    0.268208] RTC time: 14:22:50, date: 12/31/22
[    0.271315] NET: Registered protocol family 16
[    0.272096] audit: initializing netlink subsys (disabled)
[    0.276094] audit: type=2000 audit(1672496575.494:1): state=initialized audit_enabled=0 res=1
[    0.280006] cpuidle: using governor ladder
[    0.282281] cpuidle: using governor menu
[    0.284034] ACPI: bus type PCI registered
[    0.286315] acpiphp: ACPI Hot Plug PCI Controller Driver version: 0.5
[    0.288363] PCI: Using configuration type 1 for base access
[    0.296122] HugeTLB registered 2.00 MiB page size, pre-allocated 0 pages
[    0.300275] ACPI: Added _OSI(Module Device)
[    0.302992] ACPI: Added _OSI(Processor Device)
[    0.304033] ACPI: Added _OSI(3.0 _SCP Extensions)
[    0.308013] ACPI: Added _OSI(Processor Aggregator Device)
[    0.312005] ACPI: Added _OSI(Linux-Dell-Video)
[    0.314513] ACPI: Added _OSI(Linux-Lenovo-NV-HDMI-Audio)
[    0.316003] ACPI: Added _OSI(Linux-HPI-Hybrid-Graphics)
[    0.320701] ACPI: Executed 1 blocks of module-level executable AML code
[    0.329083] ACPI: Interpreter enabled
[    0.331317] ACPI: (supports S0 S5)
[    0.332003] ACPI: Using IOAPIC for interrupt routing
[    0.336544] PCI: Using host bridge windows from ACPI; if necessary, use "pci=nocrs" and report a bug
[    0.340283] ACPI: Enabled 2 GPEs in block 00 to 07
[    0.354851] ACPI: PCI Root Bridge [PCI0] (domain 0000 [bus 00-ff])
[    0.356010] acpi PNP0A03:00: _OSC: OS supports [ASPM ClockPM Segments MSI]
[    0.360674] acpi PNP0A03:00: _OSC: not requesting OS control; OS requires [ExtendedConfig ASPM ClockPM MSI]
[    0.364026] acpi PNP0A03:00: fail to add MMCONFIG information, can't access extended PCI configuration space under this bridge.
[    0.368803] PCI host bridge to bus 0000:00
[    0.372005] pci_bus 0000:00: root bus resource [io  0x0000-0x0cf7 window]
[    0.376003] pci_bus 0000:00: root bus resource [io  0x0d00-0xffff window]
[    0.380006] pci_bus 0000:00: root bus resource [mem 0x000a0000-0x000bffff window]
[    0.384003] pci_bus 0000:00: root bus resource [mem 0x40000000-0xfdffffff window]
[    0.388005] pci_bus 0000:00: root bus resource [bus 00-ff]
[    0.397827] pci 0000:00:01.1: legacy IDE quirk: reg 0x10: [io  0x01f0-0x01f7]
[    0.400008] pci 0000:00:01.1: legacy IDE quirk: reg 0x14: [io  0x03f6]
[    0.404006] pci 0000:00:01.1: legacy IDE quirk: reg 0x18: [io  0x0170-0x0177]
[    0.408009] pci 0000:00:01.1: legacy IDE quirk: reg 0x1c: [io  0x0376]
[    0.453767] pci 0000:00:07.0: quirk: [io  0x4000-0x403f] claimed by PIIX4 ACPI
[    0.456041] pci 0000:00:07.0: quirk: [io  0x4100-0x410f] claimed by PIIX4 SMB
[    0.482390] ACPI: PCI Interrupt Link [LNKA] (IRQs 5 9 10 *11)
[    0.484470] ACPI: PCI Interrupt Link [LNKB] (IRQs 5 9 *10 11)
[    0.488189] ACPI: PCI Interrupt Link [LNKC] (IRQs 5 *9 10 11)
[    0.492180] ACPI: PCI Interrupt Link [LNKD] (IRQs 5 9 10 *11)
[    0.496491] SCSI subsystem initialized
[    0.500046] pci 0000:00:02.0: vgaarb: setting as boot VGA device
[    0.503466] pci 0000:00:02.0: vgaarb: VGA device added: decodes=io+mem,owns=io+mem,locks=none
[    0.504007] pci 0000:00:02.0: vgaarb: bridge control possible
[    0.507611] vgaarb: loaded
[    0.508054] ACPI: bus type USB registered
[    0.510584] usbcore: registered new interface driver usbfs
[    0.512048] usbcore: registered new interface driver hub
[    0.516012] usbcore: registered new device driver usb
[    0.520134] EDAC MC: Ver: 3.0.0
[    0.524703] PCI: Using ACPI for IRQ routing
[    0.528114] NetLabel: Initializing
[    0.530120] NetLabel:  domain hash size = 128
[    0.532005] NetLabel:  protocols = UNLABELED CIPSOv4 CALIPSO
[    0.535451] NetLabel:  unlabeled traffic allowed by default
[    0.536157] clocksource: Switched to clocksource kvm-clock
[    0.560555] VFS: Disk quotas dquot_6.6.0
[    0.562972] VFS: Dquot-cache hash table entries: 512 (order 0, 4096 bytes)
[    0.567205] AppArmor: AppArmor Filesystem Enabled
[    0.570265] pnp: PnP ACPI init
[    0.574369] pnp: PnP ACPI: found 3 devices
[    0.594376] clocksource: acpi_pm: mask: 0xffffff max_cycles: 0xffffff, max_idle_ns: 2085701024 ns
[    0.599795] NET: Registered protocol family 2
[    0.602557] IP idents hash table entries: 16384 (order: 5, 131072 bytes)
[    0.665407] TCP established hash table entries: 8192 (order: 4, 65536 bytes)
[    0.674533] TCP bind hash table entries: 8192 (order: 5, 131072 bytes)
[    0.680835] TCP: Hash tables configured (established 8192 bind 8192)
[    0.685331] UDP hash table entries: 512 (order: 2, 16384 bytes)
[    0.689925] UDP-Lite hash table entries: 512 (order: 2, 16384 bytes)
[    0.693484] NET: Registered protocol family 1
[    0.696803] pci 0000:00:00.0: Limiting direct PCI/PCI transfers
[    0.700741] pci 0000:00:01.0: Activating ISA DMA hang workarounds
[    0.705031] pci 0000:00:02.0: Video device with shadowed ROM at [mem 0x000c0000-0x000dffff]
[    0.710180] Unpacking initramfs...
[    1.056824] Freeing initrd memory: 19532K
[    1.059434] clocksource: tsc: mask: 0xffffffffffffffff max_cycles: 0x21463bc1dda, max_idle_ns: 440795205809 ns
[    1.066398] platform rtc_cmos: registered platform RTC device (no PNP device found)
[    1.071328] Scanning for low memory corruption every 60 seconds
[    1.075423] Initialise system trusted keyrings
[    1.078132] Key type blacklist registered
[    1.080844] workingset: timestamp_bits=36 max_order=18 bucket_order=0
[    1.085827] zbud: loaded
[    1.088662] squashfs: version 4.0 (2009/01/31) Phillip Lougher
[    1.092445] fuse init (API version 7.26)
[    1.105885] Key type asymmetric registered
[    1.108405] Asymmetric key parser 'x509' registered
[    1.111813] Block layer SCSI generic (bsg) driver version 0.4 loaded (major 246)
[    1.116502] io scheduler noop registered
[    1.118886] io scheduler deadline registered
[    1.121705] io scheduler cfq registered (default)
[    1.125258] ACPI: AC Adapter [AC] (on-line)
[    1.127741] input: Power Button as /devices/LNXSYSTM:00/LNXPWRBN:00/input/input0
[    1.132562] ACPI: Power Button [PWRF]
[    1.134816] input: Sleep Button as /devices/LNXSYSTM:00/LNXSLPBN:00/input/input1
[    1.139751] ACPI: Sleep Button [SLPF]
[    1.144181] ACPI: Battery Slot [BAT0] (battery present)
[    1.147673] Serial: 8250/16550 driver, 32 ports, IRQ sharing enabled
[    1.17732] 00:02: ttyS0 at I/O 0x3f8 (irq = , base_baud = 115200) is a 16550A
[    1.180571] Linux agpgart interface v0.103
[    1.189800] loop: module loaded
[    1.193670] scsi host0: ata_piix
[    1.196446] scsi host1: ata_piix
[    1.198950] ata1: PATA max UDMA/33 cmd 0x1f0 ctl 0x3f6 bmdma 0xd000 irq 14
[    1.200440] ata2: PATA max UDMA/33 cmd 0x170 ctl 0x376 bmdma 0xd008 irq 15
[    1.208154] tun: Universal TUN/TAP device driver, 1.6
[    1.212639] PPP generic driver version 2.4.2
[    1.215565] ehci_hcd: USB 2.0 'Enhanced' Host Controller (EHCI) Driver
[    1.219769] ehci-pci: EHCI PCI platform driver
[    1.222934] ehci-platform: EHCI generic platform driver
[    1.223713] ohci_hcd: USB 1.1 'Open' Host Controller (OHCI) Driver
[    1.230605] ohci-pci: OHCI PCI platform driver
[    1.233863] ohci-platform: OHCI generic platform driver
[    1.238001] uhci_hcd: USB Universal Host Controller Interface driver
[    1.241904] i8042: PNP: PS/2 Controller [PNP0303:PS2K,PNP0f03:PS2M] at 0x60,0x64 irq 1,12
[    1.249727] serio: i8042 KBD port at 0x60,0x64 irq 1
[    1.252615] serio: i8042 AUX port at 0x60,0x64 irq 12
[    1.252615] mousedev: PS/2 mouse device common for all mice
[    1.261737] input: AT Translated Set 2 keyboard as /devices/platform/i8042/serio0/input/input2
[    1.269052] rtc_cmos rtc_cmos: rtc core: registered rtc_cmos as rtc0
[    1.274323] rtc_cmos rtc_cmos: alarms up to one day, 114 bytes nvram
[    1.278452] i2c /dev entries driver
[    1.281244] device-mapper: uevent: version 1.0.3
[    1.284769] device-mapper: ioctl: 4.37.0-ioctl (2017-09-20) initialised: dm-devel@redhat.com
[    1.290605] ledtrig-cpu: registered to indicate activity on CPUs
[    1.295163] NET: Registered protocol family 10
[    1.305041] Segment Routing with IPv6
[    1.307782] NET: Registered protocol family 17
[    1.310871] Key type dns_resolver registered
[    1.314741] mce: Using 0 MCE banks
[    1.317392] RAS: Correctable Errors collector initialized.
[    1.321298] sched_clock: Marking stable (1317298701, 0)->(1801478798, -484180097)
[    1.327919] registered taskstats version 1
[    1.331002] Loading compiled-in X.509 certificates
[    1.338086] Loaded X.509 cert 'Build time autogenerated kernel key: 29e5beaa583364da097e68c9386761f80dbce7ef'
[    1.344666] Loaded X.509 cert 'Canonical Ltd. Live Patch Signing: 14df34d1a87cf37625abec039ef2bf521249b969'
[    1.351394] Loaded X.509 cert 'Canonical Ltd. Kernel Module Signing: 88f752e560a1e0737e31163a466ad7b70a850c19'
[    1.358014] blacklist: Loading compiled-in revocation X.509 certificates
[    1.362212] Loaded X.509 cert 'Canonical Ltd. Secure Boot Signing: 61482aa2830d0ab2ad5af10b7250da9033ddcef0'
[    1.396122] zswap: loaded using pool lzo/zbud
[    1.450613] Key type big_key registered
[    1.467808] Key type trusted registered
[    1.476336] Key type encrypted registered
[    1.478825] AppArmor: AppArmor sha1 policy hashing enabled
[    1.482307] ima: No TPM chip found, activating TPM-bypass! (rc=-19)
[    1.487424] ima: Allocated hash algorithm: sha1
[    1.491302] evm: HMAC attrs: 0x1
[    1.495198]   Magic number: 2:675:385
[    1.498608] thermal cooling_device0: hash matches
[    1.502653] rtc_cmos rtc_cmos: setting system clock to 2022-12-31 14:22:51 UTC (1672496571)
[    1.508893] BIOS EDD facility v0.16 2004-Jun-25, 0 devices found
[    1.512873] EDD information not available.
[    1.517795] Freeing unused kernel image memory: 2472K
[    1.544726] Write protecting the kernel read-only data: 20480k
[    1.550748] Freeing unused kernel image memory: 2008K
[    1.554923] Freeing unused kernel image memory: 1824K
[    1.562400] x86/mm: Checked W+X mappings: passed, no W+X pages found.
[    1.566034] x86/mm: Checking user space page tables
[    1.572700] x86/mm: Checked W+X mappings: passed, no W+X pages found.
Loading, please wait...
starting version 237
[    1.645916] e1000: Intel(R) PRO/1000 Network Driver - version 7.3.21-k8-NAPI
[    1.651588] e1000: Copyright (c) 1999-2006 Intel Corporation.
[    1.678751] Fusion MPT base driver 3.04.20
[    1.681257] Copyright (c) 1999-2008 LSI Corporation
[    1.689817] Fusion MPT SPI Host driver 3.04.20
[    1.697368] AVX2 version of gcm_enc/dec engaged.
[    1.701345] AES CTR mode by8 optimization enabled
[    1.895039] input: ImExPS/2 Generic Explorer Mouse as /devices/platform/i8042/serio1/input/input4
[    2.214965] e1000 0000:00:03.0 eth0: (PCI:33MHz:32-bit) 02:40:49:ac:f0:20
[    2.221146] e1000 0000:00:03.0 eth0: Intel(R) PRO/1000 Network Connection
[    2.749667] e1000 0000:00:08.0 eth1: (PCI:33MHz:32-bit) 08:00:27:5a:75:11
[    2.756377] e1000 0000:00:08.0 eth1: Intel(R) PRO/1000 Network Connection
[    2.765170] mptbase: ioc0: Initiating bringup
[    2.873703] ioc0: LSI53C1030 A0: Capabilities={Initiator}
[    3.128408] scsi host2: ioc0: LSI53C1030 A0, FwRev=00000000h, Ports=1, MaxQ=256, IRQ=20
[    3.304456] scsi 2:0:0:0: Direct-Access     VBOX     HARDDISK         1.0  PQ: 0 ANSI: 5
[    3.350110] scsi target2:0:0: Beginning Domain Validation
[    3.415967] scsi target2:0:0: Domain Validation skipping write tests
[    3.421769] scsi target2:0:0: Ending Domain Validation
[    3.426550] scsi target2:0:0: asynchronous
[    3.431788] scsi 2:0:1:0: Direct-Access     VBOX     HARDDISK         1.0  PQ: 0 ANSI: 5
[    3.772230] scsi target2:0:1: Beginning Domain Validation
[    3.779719] scsi target2:0:1: Domain Validation skipping write tests
[    3.784949] scsi target2:0:1: Ending Domain Validation
[    3.789633] scsi target2:0:1: asynchronous
[    3.802696] sd 2:0:0:0: Attached scsi generic sg0 type 0
[    3.807375] sd 2:0:0:0: [sda] 83886080 512-byte logical blocks: (42.9 GB/40.0 GiB)
[    3.815100] sd 2:0:1:0: [sdb] 20480 512-byte logical blocks: (10.5 MB/10.0 MiB)
[    3.822765] sd 2:0:0:0: [sda] Write Protect is off
[    3.827522] sd 2:0:1:0: Attached scsi generic sg1 type 0
[    3.832818] sd 2:0:1:0: [sdb] Write Protect is off
[    3.835167] e1000 0000:00:09.0 eth2: (PCI:33MHz:32-bit) 08:00:27:c8:2b:6d
[    3.843419] e1000 0000:00:09.0 eth2: Intel(R) PRO/1000 Network Connection
[    3.843898] sd 2:0:0:0: [sda] Incomplete mode parameter data
[    3.855098] sd 2:0:0:0: [sda] Assuming drive cache: write through
[    3.861009] sd 2:0:1:0: [sdb] Incomplete mode parameter data
[    3.864491]  sda: sda1
[    3.866610] sd 2:0:1:0: [sdb] Assuming drive cache: write through
[    3.871077] sd 2:0:0:0: [sda] Attached SCSI disk
[    3.885583] sd 2:0:1:0: [sdb] Attached SCSI disk
[    3.891114] e1000 0000:00:03.0 enp0s3: renamed from eth0
[    3.993247] e1000 0000:00:08.0 enp0s8: renamed from eth1
[    4.021859] e1000 0000:00:09.0 enp0s9: renamed from eth2
Begin: Loading essential drivers ... [    5.968647] raid6: sse2x1   gen() 15747 MB/s
[    6.018367] raid6: sse2x1   xor()  8741 MB/s
[    6.068207] raid6: sse2x2   gen() 15659 MB/s
[    6.117548] raid6: sse2x2   xor() 11781 MB/s
[    6.168278] raid6: sse2x4   gen() 17733 MB/s
[    6.218274] raid6: sse2x4   xor() 10691 MB/s
[    6.267426] raid6: avx2x1   gen() 25574 MB/s
[    6.317878] raid6: avx2x1   xor() 16155 MB/s
[    6.378239] raid6: avx2x2   gen() 38025 MB/s
[    6.438117] raid6: avx2x2   xor() 24153 MB/s
[    6.488634] raid6: avx2x4   gen() 32357 MB/s
[    6.542098] raid6: avx2x4   xor() 18719 MB/s
[    6.547387] raid6: using algorithm avx2x2 gen() 38025 MB/s
[    6.551014] raid6: .... xor() 24153 MB/s, rmw enabled
[    6.554024] raid6: using avx2x2 recovery algorithm
[    6.558686] xor: automatically using best checksumming function   avx       
[    6.563896] async_tx: api initialized (async)
done.
Begin: Running /scripts/init-premount ... done.
Begin: Mounting root file system ... Begin: Running /scripts/local-top ... done.
Begin: Running /scripts/local-premount ... [    6.616059] Btrfs loaded, crc32c=crc32c-intel
Scanning for Btrfs filesystems
done.
Warning: fsck not present, so skipping root file system
[    6.652737] EXT4-fs (sda1): mounted filesystem with ordered data mode. Opts: (null)
done.
Begin: Running /scripts/local-bottom ... done.
Begin: Running /scripts/init-bottom ... done.
[    6.881441] ip_tables: (C) 2000-2006 Netfilter Core Team
[    6.896116] systemd[1]: systemd 237 running in system mode. (+PAM +AUDIT +SELINUX +IMA +APPARMOR +SMACK +SYSVINIT +UTMP +LIBCRYPTSETUP +GCRYPT +GNUTLS +ACL +XZ +LZ4 +SECCOMP +BLKID +ELFUTILS +KMOD -IDN2 +IDN -PCRE2 default-hierarchy=hybrid)
[    6.908153] systemd[1]: Detected virtualization oracle.
[    6.911825] systemd[1]: Detected architecture x86-64.

Welcome to [1mUbuntu 18.04.6 LTS[0m!

[    6.929874] systemd[1]: Set hostname to <ubuntu>.
[    6.938432] systemd[1]: Initializing machine ID from random generator.
[    6.942578] systemd[1]: Installed transient /etc/machine-id file.
[    7.207336] systemd[1]: Reached target User and Group Name Lookups.
[[0;32m  OK  [0m] Reached target User and Group Name Lookups.
[    7.218522] systemd[1]: Created slice User and Session Slice.
[[0;32m  OK  [0m] Created slice User and Session Slice.
[    7.223326] systemd[1]: Reached target Swap.
[[0;32m  OK  [0m] Reached target Swap.
[    7.227490] systemd[1]: Started Forward Password Requests to Wall Directory Watch.
[[0;32m  OK  [0m] Started Forward Password Requests to Wall Directory Watch.
[[0;32m  OK  [0m] Set up automount Arbitrary Executab…rmats File System Automount Point.
[[0;32m  OK  [0m] Reached target System Time Synchronized.
[[0;32m  OK  [0m] Created slice System Slice.
[[0;32m  OK  [0m] Listening on Network Service Netlink Socket.
[[0;32m  OK  [0m] Listening on udev Control Socket.
[[0;32m  OK  [0m] Listening on /dev/initctl Compatibility Named Pipe.
[[0;32m  OK  [0m] Listening on LVM2 poll daemon socket.
[[0;32m  OK  [0m] Listening on fsck to fsckd communication Socket.
[[0;32m  OK  [0m] Reached target Slices.
[[0;32m  OK  [0m] Listening on Journal Audit Socket.
[[0;32m  OK  [0m] Listening on Device-mapper event daemon FIFOs.
[[0;32m  OK  [0m] Listening on LVM2 metadata daemon socket.
[[0;32m  OK  [0m] Listening on Journal Socket (/dev/log).
[[0;32m  OK  [0m] Created slice system-serial\x2dgetty.slice.
[[0;32m  OK  [0m] Listening on udev Kernel Socket.
[[0;32m  OK  [0m] Listening on Syslog Socket.
[[0;32m  OK  [0m] Listening on Journal Socket.
         Starting udev Coldplug all Devices...
         Starting Set the console keyboard layout...
         Starting Load Kernel Modules...
         Starting Create list of required st…ce nodes for the current kernel...
         Mounting Huge Pages File System...
         Starting Monitoring of LVM2 mirrors…ng dmeventd or progress polling...
         Mounting POSIX Message Queue File System...
         Mounting Kernel Debug File System...
         Starting Uncomplicated firewall...
         Starting File System Check on Root Device...
[    7.310046] Loading iSCSI transport class v2.0-870.
[    7.319822] iscsi: registered transport (tcp)
         Starting Journal Service...
[[0;32m  OK  [0m] Started Create list of required sta…vice nodes for the current kernel.
[[0;32m  OK  [0m] Started Uncomplicated firewall.
[[0;32m  OK  [0m] Started LVM2 metadata daemon.
         Starting Create Static Device Nodes in /dev...
[[0;32m  OK  [0m] Started File System Check Daemon to report status.
[[0;32m  OK  [0m] Mounted Kernel Debug File System.
[[0;32m  OK  [0m] Mounted Huge Pages File System.
[[0;32m  OK  [0m] Mounted POSIX Message Queue File System.
[[0;32m  OK  [0m] Started udev Coldplug all Devices.
[[0;32m  OK  [0m] Started Create Static Device Nodes in /dev.
[[0;32m  OK  [0m] Started Journal Service.
[[0;32m  OK  [0m] Started File System Check on Root Device.
[    7.530500] iscsi: registered transport (iser)
         Starting Remount Root and Kernel File Systems...
[[0;32m  OK  [0m] Started Load Kernel Modules.
         Mounting Kernel Configuration File System...
         Mounting FUSE Control File System...
         Starting Apply Kernel Variables...
[[0;32m  OK  [0m] Mounted Kernel Configuration File System.
[[0;32m  OK  [0m] Mounted FUSE Control File System.
[[0;32m  OK  [0m] Started Monitoring of LVM2 mirrors,…sing dmeventd or progress polling.
[[0;32m  OK  [0m] Started Remount Root and Kernel File Systems.
[[0;32m  OK  [0m] Started Apply Kernel Variables.
         Starting udev Kernel Device Manager...
         Starting Load/Save Random Seed...
         Starting Flush Journal to Persistent Storage...
[[0;32m  OK  [0m] Started udev Kernel Device Manager.
[[0;32m  OK  [0m] Started Load/Save Random Seed.
[[0;32m  OK  [0m] Started Flush Journal to Persistent Storage.
[[0;32m  OK  [0m] Found device /dev/ttyS0.
[[0;32m  OK  [0m] Listening on Load/Save RF Kill Switch Status /dev/rfkill Watch.
         Mounting Arbitrary Executable File Formats File System...
[[0;32m  OK  [0m] Mounted Arbitrary Executable File Formats File System.
[[0;32m  OK  [0m] Started Set the console keyboard layout.
[[0;32m  OK  [0m] Started Dispatch Password Requests to Console Directory Watch.
[[0;32m  OK  [0m] Reached target Local Encrypted Volumes.
[[0;32m  OK  [0m] Reached target Local File Systems (Pre).
[[0;32m  OK  [0m] Reached target Local File Systems.
         Starting Create Volatile Files and Directories...
         Starting Set console font and keymap...
         Starting Commit a transient machine-id on disk...
         Starting ebtables ruleset management...
         Starting AppArmor initialization...
         Starting Tell Plymouth To Write Out Runtime Data...
[[0;32m  OK  [0m] Started Create Volatile Files and Directories.
         Starting Update UTMP about System Boot/Shutdown...
[[0;32m  OK  [0m] Started Tell Plymouth To Write Out Runtime Data.
[[0;32m  OK  [0m] Started Update UTMP about System Boot/Shutdown.
[[0;32m  OK  [0m] Started Commit a transient machine-id on disk.
[[0;32m  OK  [0m] Started ebtables ruleset management.
[[0;32m  OK  [0m] Started AppArmor initialization.
         Starting Initial cloud-init job (pre-networking)...
         Starting Load AppArmor profiles managed internally by snapd...
[[0;32m  OK  [0m] Started Load AppArmor profiles managed internally by snapd.
[[0;32m  OK  [0m] Started Set console font and keymap.
[   10.779547] cloud-init[819]: Cloud-init v. 22.4.2-0ubuntu0~18.04.1 running 'init-local' at Sat, 31 Dec 2022 14:23:00 +0000. Up 10.44 seconds.
[[0;32m  OK  [0m] Started Initial cloud-init job (pre-networking).
[[0;32m  OK  [0m] Reached target Network (Pre).
         Starting Network Service...
[[0;32m  OK  [0m] Started Network Service.
         Starting Wait for Network to be Configured...
         Starting Network Name Resolution...
[[0;32m  OK  [0m] Started Network Name Resolution.
[[0;32m  OK  [0m] Reached target Network.
[[0;32m  OK  [0m] Reached target Host and Network Name Lookups.
[[0;32m  OK  [0m] Started Wait for Network to be Configured.
         Starting Initial cloud-init job (metadata service crawler)...
[   12.460624] cloud-init[981]: Cloud-init v. 22.4.2-0ubuntu0~18.04.1 running 'init' at Sat, 31 Dec 2022 14:23:02 +0000. Up 12.32 seconds.
[   12.465146] cloud-init[981]: ci-info: ++++++++++++++++++++++++++++++++++++++Net device info+++++++++++++++++++++++++++++++++++++++
[   12.468985] cloud-init[981]: ci-info: +--------+-------+----------------------------+---------------+--------+-------------------+
[   12.472220] cloud-init[981]: ci-info: | Device |   Up  |          Address           |      Mask     | Scope  |     Hw-Address    |
[   12.475788] cloud-init[981]: ci-info: +--------+-------+----------------------------+---------------+--------+-------------------+
[   12.479960] cloud-init[981]: ci-info: | enp0s3 |  True |         10.0.2.15          | 255.255.255.0 | global | 02:40:49:ac:f0:20 |
[   12.483918] cloud-init[981]: ci-info: | enp0s3 |  True | fe80::40:49ff:feac:f020/64 |       .       |  link  | 02:40:49:ac:f0:20 |
[   12.488094] cloud-init[981]: ci-info: | enp0s8 | False |             .              |       .       |   .    | 08:00:27:5a:75:11 |
[   12.491666] cloud-init[981]: ci-info: | enp0s9 | False |             .              |       .       |   .    | 08:00:27:c8:2b:6d |
[   12.495839] cloud-init[981]: ci-info: |   lo   |  True |         127.0.0.1          |   255.0.0.0   |  host  |         .         |
[   12.499769] cloud-init[981]: ci-info: |   lo   |  True |          ::1/128           |       .       |  host  |         .         |
[   12.503194] cloud-init[981]: ci-info: +--------+-------+----------------------------+---------------+--------+-------------------+
[   12.506427] cloud-init[981]: ci-info: ++++++++++++++++++++++++++++Route IPv4 info+++++++++++++++++++++++++++++
[   12.509297] cloud-init[981]: ci-info: +-------+-------------+----------+-----------------+-----------+-------+
[   12.512207] cloud-init[981]: ci-info: | Route | Destination | Gateway  |     Genmask     | Interface | Flags |
[   12.515243] cloud-init[981]: ci-info: +-------+-------------+----------+-----------------+-----------+-------+
[   12.518202] cloud-init[981]: ci-info: |   0   |   0.0.0.0   | 10.0.2.2 |     0.0.0.0     |   enp0s3  |   UG  |
[   12.520915] cloud-init[981]: ci-info: |   1   |   10.0.2.0  | 0.0.0.0  |  255.255.255.0  |   enp0s3  |   U   |
[   12.524342] cloud-init[981]: ci-info: |   2   |   10.0.2.2  | 0.0.0.0  | 255.255.255.255 |   enp0s3  |   UH  |
[   12.527532] cloud-init[981]: ci-info: +-------+-------------+----------+-----------------+-----------+-------+
[   12.530929] cloud-init[981]: ci-info: +++++++++++++++++++Route IPv6 info+++++++++++++++++++
[   12.533284] cloud-init[981]: ci-info: +-------+-------------+---------+-----------+-------+
[   12.535661] cloud-init[981]: ci-info: | Route | Destination | Gateway | Interface | Flags |
[   12.537879] cloud-init[981]: ci-info: +-------+-------------+---------+-----------+-------+
[   12.540565] cloud-init[981]: ci-info: |   1   |  fe80::/64  |    ::   |   enp0s3  |   U   |
[   12.542892] cloud-init[981]: ci-info: |   3   |    local    |    ::   |   enp0s3  |   U   |
[   12.545552] cloud-init[981]: ci-info: |   4   |   ff00::/8  |    ::   |   enp0s3  |   U   |
[   12.548096] cloud-init[981]: ci-info: +-------+-------------+---------+-----------+-------+
[   13.313173] cloud-init[981]: Generating public/private rsa key pair.
[   13.315154] cloud-init[981]: Your identification has been saved in /etc/ssh/ssh_host_rsa_key.
[   13.318049] cloud-init[981]: Your public key has been saved in /etc/ssh/ssh_host_rsa_key.pub.
[   13.321013] cloud-init[981]: The key fingerprint is:
[   13.322734] cloud-init[981]: SHA256:9I7Y8GFAyLeN9E0t5iTb8+WbCYd4TlvT8u3pFlffnjI root@ubuntu-bionic
[   13.325594] cloud-init[981]: The key's randomart image is:
[   13.327785] cloud-init[981]: +---[RSA 2048]----+
[   13.329410] cloud-init[981]: |   . ..    .     |
[   13.330846] cloud-init[981]: |    o.o . = .    |
[   13.332499] cloud-init[981]: |     o.=.X .     |
[   13.334322] cloud-init[981]: |      oo+.=   . .|
[   13.335875] cloud-init[981]: |      . S .+ + .+|
[   13.337391] cloud-init[981]: |       * +. * *.=|
[   13.338906] cloud-init[981]: |      . + .+ = O=|
[   13.340295] cloud-init[981]: |            oE+o=|
[   13.342334] cloud-init[981]: |              =+.|
[   13.344373] cloud-init[981]: +----[SHA256]-----+
[   13.346007] cloud-init[981]: Generating public/private dsa key pair.
[   13.347894] cloud-init[981]: Your identification has been saved in /etc/ssh/ssh_host_dsa_key.
[   13.350748] cloud-init[981]: Your public key has been saved in /etc/ssh/ssh_host_dsa_key.pub.
[   13.353306] cloud-init[981]: The key fingerprint is:
[   13.354766] cloud-init[981]: SHA256:p7Y+45sDy23s6TdT0XoWxk1zfYBgC1rejqSCHscoifw root@ubuntu-bionic
[   13.357881] cloud-init[981]: The key's randomart image is:
[   13.359942] cloud-init[981]: +---[DSA 1024]----+
[   13.361442] cloud-init[981]: |        o o. ....|
[   13.362803] cloud-init[981]: |       + + ..  .=|
[   13.364286] cloud-init[981]: |      . o o  o o+|
[   13.365606] cloud-init[981]: |o. +   o o  . = .|
[   13.367172] cloud-init[981]: |+.+ + . S o  + . |
[   13.368851] cloud-init[981]: | o.o ..  o  o o  |
[   13.370313] cloud-init[981]: |  .E . =o  . o   |
[   13.372001] cloud-init[981]: |      o.B++      |
[   13.373687] cloud-init[981]: |       *X* o     |
[   13.375167] cloud-init[981]: +----[SHA256]-----+
[   13.376702] cloud-init[981]: Generating public/private ecdsa key pair.
[   13.378983] cloud-init[981]: Your identification has been saved in /etc/ssh/ssh_host_ecdsa_key.
[   13.381584] cloud-init[981]: Your public key has been saved in /etc/ssh/ssh_host_ecdsa_key.pub.
[   13.384342] cloud-init[981]: The key fingerprint is:
[   13.386003] cloud-init[981]: SHA256:OwSbqTDqFEFysDcXyT56JDnCnspw56AMaOnSf6ZRBZg root@ubuntu-bionic
[   13.388419] cloud-init[981]: The key's randomart image is:
[   13.390048] cloud-init[981]: +---[ECDSA 256]---+
[   13.391480] cloud-init[981]: |oo...+.          |
[   13.392893] cloud-init[981]: |oo  E. .         |
[   13.404377] cloud-init[981]: |o.oo. . .        |
[   13.405977] cloud-init[981]: |.o=o+  *         |
[   13.407437] cloud-init[981]: |oo== .= S        |
[   13.408990] cloud-init[981]: |+*=ooo . .       |
[   13.410606] cloud-init[981]: |X= =o   o        |
[   13.412068] cloud-init[981]: |*+. ..o  .       |
[   13.413350] cloud-init[981]: |.. .o+           |
[   13.414586] cloud-init[981]: +----[SHA256]-----+
[   13.416065] cloud-init[981]: Generating public/private ed25519 key pair.
[   13.418007] cloud-init[981]: Your identification has been saved in /etc/ssh/ssh_host_ed25519_key.
[   13.420444] cloud-init[981]: Your public key has been saved in /etc/ssh/ssh_host_ed25519_key.pub.
[   13.422877] cloud-init[981]: The key fingerprint is:
[   13.424359] cloud-init[981]: SHA256:53raikdshjhauxe526Jl4P0v+S0dK+Iv3m75oWWEA/A root@ubuntu-bionic
[   13.426851] cloud-init[981]: The key's randomart image is:
[   13.428831] cloud-init[981]: +--[ED25519 256]--+
[   13.430219] cloud-init[981]: |      .          |
[   13.431711] cloud-init[981]: |       o         |
[   13.432973] cloud-init[981]: |        E        |
[   13.434651] cloud-init[981]: |         . .     |
[   13.435964] cloud-init[981]: |    .. +S + .    |
[   13.437468] cloud-init[981]: |   .+o+ =o o.    |
[   13.439129] cloud-init[981]: |   o.o+* ..o+o   |
[   13.440490] cloud-init[981]: |  . .o++*+*=o.   |
[   13.442100] cloud-init[981]: |    o+o*O&O+o    |
[   13.443533] cloud-init[981]: +----[SHA256]-----+
[[0;32m  OK  [0m] Started Initial cloud-init job (metadata service crawler).
[[0;32m  OK  [0m] Reached target Network is Online.
         Starting Availability of block devices...
[[0;32m  OK  [0m] Reached target Remote File Systems (Pre).
[[0;32m  OK  [0m] Reached target Remote File Systems.
[[0;32m  OK  [0m] Reached target Cloud-config availability.
[[0;32m  OK  [0m] Reached target System Initialization.
[[0;32m  OK  [0m] Listening on ACPID Listen Socket.
         Starting LXD - unix socket.
[[0;32m  OK  [0m] Listening on Open-iSCSI iscsid Socket.
[[0;32m  OK  [0m] Started Message of the Day.
[[0;32m  OK  [0m] Started Daily Cleanup of Temporary Directories.
         Starting Socket activation for snappy daemon.
[[0;32m  OK  [0m] Listening on D-Bus System Message Bus Socket.
[[0;32m  OK  [0m] Listening on cloud-init hotplug hook socket.
[[0;32m  OK  [0m] Started Daily apt download activities.
[[0;32m  OK  [0m] Started Daily apt upgrade and clean activities.
[[0;32m  OK  [0m] Listening on UUID daemon activation socket.
[[0;32m  OK  [0m] Started Ubuntu Advantage Timer for running repeated jobs.
[[0;32m  OK  [0m] Started Discard unused blocks once a week.
[[0;32m  OK  [0m] Reached target Timers.
[[0;32m  OK  [0m] Started ACPI Events Check.
[[0;32m  OK  [0m] Reached target Paths.
[[0;32m  OK  [0m] Started Availability of block devices.
[[0;32m  OK  [0m] Listening on LXD - unix socket.
[[0;32m  OK  [0m] Listening on Socket activation for snappy daemon.
[[0;32m  OK  [0m] Reached target Sockets.
[[0;32m  OK  [0m] Reached target Basic System.
         Starting Pollinate to seed the pseudo random number generator...
         Starting LXD - container startup/shutdown...
         Starting Virtualbox guest utils...
[[0;32m  OK  [0m] Started irqbalance daemon.
[[0;32m  OK  [0m] Started Deferred execution scheduler.
         Starting System Logging Service...
         Starting LSB: automatic crash report generation...
         Starting Dispatcher daemon for systemd-networkd...
         Starting Accounts Service...
[[0;32m  OK  [0m] Started Regular background program processing daemon.
[[0;32m  OK  [0m] Started FUSE filesystem for LXC.
         Starting LSB: Record successful boot for GRUB...
         Starting Login Service...
         Starting Snap Daemon...
[[0;32m  OK  [0m] Reached target Login Prompts (Pre).
         Starting Permit User Sessions...
[[0;32m  OK  [0m] Started D-Bus System Message Bus.
[[0;32m  OK  [0m] Started Login Service.
[[0;32m  OK  [0m] Started Unattended Upgrades Shutdown.
[[0;32m  OK  [0m] Started System Logging Service.
[[0;32m  OK  [0m] Started Permit User Sessions.
         Starting Terminate Plymouth Boot Screen...
         Starting Hold until boot process finishes up...
[[0;32m  OK  [0m] Started Hold until boot process finishes up.
         Starting Set console scheme...
[[0;32m  OK  [0m] Started Serial Getty on ttyS0.
[[0;32m  OK  [0m] Started Terminate Plymouth Boot Screen.
[[0;32m  OK  [0m] Started Set console scheme.
[[0;32m  OK  [0m] Created slice system-getty.slice.
[[0;32m  OK  [0m] Started Getty on tty1.
[[0;32m  OK  [0m] Reached target Login Prompts.
         Starting Authorization Manager...
[[0;32m  OK  [0m] Started LSB: automatic crash report generation.
[[0;32m  OK  [0m] Started LSB: Record successful boot for GRUB.
[[0;32m  OK  [0m] Started Authorization Manager.
[[0;32m  OK  [0m] Started Accounts Service.
[[0;32m  OK  [0m] Started Virtualbox guest utils.
[[0;32m  OK  [0m] Started LXD - container startup/shutdown.
[[0;32m  OK  [0m] Started Dispatcher daemon for systemd-networkd.
[[0;32m  OK  [0m] Started Snap Daemon.
         Starting Wait until snapd is fully seeded...
         Starting Time & Date Service...
[[0;32m  OK  [0m] Started Time & Date Service.
[[0;32m  OK  [0m] Started Pollinate to seed the pseudo random number generator.
         Starting OpenBSD Secure Shell server...
[[0;32m  OK  [0m] Started OpenBSD Secure Shell server.
[[0;32m  OK  [0m] Created slice User Slice of vagrant.
         Starting User Manager for UID 1000...
[[0;32m  OK  [0m] Started Session 1 of user vagrant.
[[0;32m  OK  [0m] Started User Manager for UID 1000.
[[0;32m  OK  [0m] Started Wait until snapd is fully seeded.
         Starting Apply the settings specified in cloud-config...
[   19.977215] cloud-init[1842]: Cloud-init v. 22.4.2-0ubuntu0~18.04.1 running 'modules:config' at Sat, 31 Dec 2022 14:23:09 +0000. Up 19.53 seconds.

Ubuntu 18.04.6 LTS ubuntu-bionic ttyS0

ubuntu-bionic login: ci-info: no authorized SSH keys fingerprints found for user ubuntu.
<14>Dec 31 14:23:10 cloud-init: #############################################################
<14>Dec 31 14:23:10 cloud-init: -----BEGIN SSH HOST KEY FINGERPRINTS-----
<14>Dec 31 14:23:10 cloud-init: 1024 SHA256:p7Y+45sDy23s6TdT0XoWxk1zfYBgC1rejqSCHscoifw root@ubuntu-bionic (DSA)
<14>Dec 31 14:23:10 cloud-init: 256 SHA256:OwSbqTDqFEFysDcXyT56JDnCnspw56AMaOnSf6ZRBZg root@ubuntu-bionic (ECDSA)
<14>Dec 31 14:23:10 cloud-init: 256 SHA256:53raikdshjhauxe526Jl4P0v+S0dK+Iv3m75oWWEA/A root@ubuntu-bionic (ED25519)
<14>Dec 31 14:23:10 cloud-init: 2048 SHA256:9I7Y8GFAyLeN9E0t5iTb8+WbCYd4TlvT8u3pFlffnjI root@ubuntu-bionic (RSA)
<14>Dec 31 14:23:10 cloud-init: -----END SSH HOST KEY FINGERPRINTS-----
<14>Dec 31 14:23:10 cloud-init: #############################################################
-----BEGIN SSH HOST KEY KEYS-----
ecdsa-sha2-nistp256 AAAAE2VjZHNhLXNoYTItbmlzdHAyNTYAAAAIbmlzdHAyNTYAAABBBP6qfNPfASGxjvINJw4X5wA6MQBP4dSh6oGSazzQp8RkGwVskLcIUdZBsZ1YLrdCNA+p8J0CD32YvCbFW3rfYFc= root@ubuntu-bionic
ssh-ed25519 AAAAC3NzaC1lZDI1NTE5AAAAIFQBfTAcEDW3GOcnqugaGKVgi0Pbj2f5Yf+kUi0xNMTv root@ubuntu-bionic
ssh-rsa AAAAB3NzaC1yc2EAAAADAQABAAABAQC+9guDg4nu7929436nh3eISnj5A+4jZFgAdfuYJfotbRywswlxJwiGyrNsdLVKuhr++bsWCUxKeYMTkD8OKjjyTL4fXyraeN0RcJUzcqOkfMdDd9V+KL5b44gMUL6yMIsjScp4+Ino0/tWkS/2mLAYm8bVsMCj+aWK+XVVDteTbeCP6I5nqJAFh02PGXq7wxFy5GCeYd3fgLC14m1I9N7a0RjwzO/pnB9BHh3uLTVfRuLS71kr0DvU1pHwOTzWVnZEmST/uvvC4LS85yWPKSDZ5fhs0zOruRqsNk3ufviJ40yXK7+WoNN/N877N8i9CLdF91JI9bIZ4CR9y3Rg1r75 root@ubuntu-bionic
-----END SSH HOST KEY KEYS-----
[   20.891871] cloud-init[2012]: Cloud-init v. 22.4.2-0ubuntu0~18.04.1 running 'modules:final' at Sat, 31 Dec 2022 14:23:10 +0000. Up 20.58 seconds.
[   20.892028] cloud-init[2012]: Cloud-init v. 22.4.2-0ubuntu0~18.04.1 finished at Sat, 31 Dec 2022 14:23:10 +0000. Datasource DataSourceNoCloud [seed=/dev/sdb][dsmode=net].  Up 20.88 seconds
[[0;32m  OK  [0m] Stopped target Cloud-init target.
[[0;32m  OK  [0m] Stopped target Graphical Interface.
         Stopping User Manager for UID 1000...
         Stopping Session 8 of user vagrant.
         Stopping Accounts Service...
[[0;32m  OK  [0m] Stopped target Timers.
[[0;32m  OK  [0m] Stopped Ubuntu Advantage Timer for running repeated jobs.
[[0;32m  OK  [0m] Stopped Daily Cleanup of Temporary Directories.
[[0;32m  OK  [0m] Stopped Daily apt upgrade and clean activities.
[[0;32m  OK  [0m] Stopped Message of the Day.
[[0;32m  OK  [0m] Closed Load/Save RF Kill Switch Status /dev/rfkill Watch.
         Stopping Authorization Manager...
         Stopping Availability of block devices...
[[0;32m  OK  [0m] Stopped Clean PHP session files every 30 mins.
[[0;32m  OK  [0m] Stopped Discard unused blocks once a week.
[[0;32m  OK  [0m] Stopped Daily apt download activities.
[[0;32m  OK  [0m] Stopped target System Time Synchronized.
[[0;32m  OK  [0m] Stopped Execute cloud user/final scripts.
[[0;32m  OK  [0m] Stopped Apply the settings specified in cloud-config.
[[0;32m  OK  [0m] Stopped target Cloud-config availability.
[[0;32m  OK  [0m] Stopped target Multi-User System.
         Stopping Regular background program processing daemon...
         Stopping irqbalance daemon...
         Stopping LXD - container startup/shutdown...
[[0;32m  OK  [0m] Stopped target Login Prompts.
         Stopping Serial Getty on ttyS0...
         Stopping Getty on tty1...
         Stopping LSB: Record successful boot for GRUB...
         Stopping System Logging Service...
         Stopping Deferred execution scheduler...
         Stopping The Apache HTTP Server...
         Stopping D-Bus System Message Bus...
         Stopping FUSE filesystem for LXC...
[[0;32m  OK  [0m] Stopped Wait until snapd is fully seeded.
         Stopping MySQL Community Server...
         Stopping Dispatcher daemon for systemd-networkd...
         Stopping Virtualbox guest utils...
         Stopping LSB: automatic crash report generation...
         Stopping OpenBSD Secure Shell server...
[[0;32m  OK  [0m] Stopped irqbalance daemon.
[[0;32m  OK  [0m] Unmounted /var/lib/lxcfs.
[[0;32m  OK  [0m] Stopped Deferred execution scheduler.
[[0;32m  OK  [0m] Stopped Dispatcher daemon for systemd-networkd.
[[0;32m  OK  [0m] Stopped Accounts Service.
[[0;32m  OK  [0m] Stopped Regular background program processing daemon.
[[0;32m  OK  [0m] Stopped System Logging Service.
[[0;32m  OK  [0m] Stopped Serial Getty on ttyS0.
[[0;32m  OK  [0m] Stopped Getty on tty1.
[[0;32m  OK  [0m] Stopped Authorization Manager.
[[0;32m  OK  [0m] Stopped OpenBSD Secure Shell server.
[[0;32m  OK  [0m] Stopped User Manager for UID 1000.
[[0;32m  OK  [0m] Removed slice system-getty.slice.
[[0;32m  OK  [0m] Removed slice system-serial\x2dgetty.slice.
[[0;32m  OK  [0m] Stopped target Login Prompts (Pre).
[[0;32m  OK  [0m] Stopped LXD - container startup/shutdown.
[[0;32m  OK  [0m] Stopped D-Bus System Message Bus.
[[0;32m  OK  [0m] Stopped FUSE filesystem for LXC.
[[0;32m  OK  [0m] Stopped Session 8 of user vagrant.
[[0;32m  OK  [0m] Removed slice User Slice of vagrant.
         Stopping Login Service...
         Stopping Permit User Sessions...
[[0;32m  OK  [0m] Stopped Permit User Sessions.
[[0;32m  OK  [0m] Stopped Availability of block devices.
[[0;32m  OK  [0m] Stopped LSB: Record successful boot for GRUB.
[[0;32m  OK  [0m] Stopped LSB: automatic crash report generation.
[[0;32m  OK  [0m] Stopped Virtualbox guest utils.
[[0;32m  OK  [0m] Stopped Login Service.
[[0;32m  OK  [0m] Stopped target User and Group Name Lookups.
[[0;32m  OK  [0m] Stopped The Apache HTTP Server.
[[0;32m  OK  [0m] Stopped target Host and Network Name Lookups.
[[0;32m  OK  [0m] Stopped target Remote File Systems.
         Unmounting /vagrant...
[[0;32m  OK  [0m] Unmounted /vagrant.
[[0;32m  OK  [0m] Stopped target Network is Online.
[[0;32m  OK  [0m] Stopped target Remote File Systems (Pre).
[[0;32m  OK  [0m] Stopped MySQL Community Server.
[[0;32m  OK  [0m] Stopped target Basic System.
[[0;32m  OK  [0m] Stopped target Paths.
[[0;32m  OK  [0m] Stopped ACPI Events Check.
[[0;32m  OK  [0m] Stopped target Sockets.
[[0;32m  OK  [0m] Closed Open-iSCSI iscsid Socket.
[[0;32m  OK  [0m] Closed ACPID Listen Socket.
[[0;32m  OK  [0m] Closed Syslog Socket.
[[0;32m  OK  [0m] Closed LXD - unix socket.
[[0;32m  OK  [0m] Closed UUID daemon activation socket.
[[0;32m  OK  [0m] Closed D-Bus System Message Bus Socket.
[[0;32m  OK  [0m] Closed Socket activation for snappy daemon.
[[0;32m  OK  [0m] Closed cloud-init hotplug hook socket.
[[0;32m  OK  [0m] Stopped target Slices.
[[0;32m  OK  [0m] Removed slice User and Session Slice.
[[0;32m  OK  [0m] Stopped target Network.
         Stopping Network Name Resolution...
[[0;32m  OK  [0m] Stopped target System Initialization.
         Stopping Load/Save Random Seed...
[[0;32m  OK  [0m] Stopped Initial cloud-init job (metadata service crawler).
[[0;32m  OK  [0m] Stopped target Local Encrypted Volumes.
[[0;32m  OK  [0m] Stopped Forward Password Requests to Wall Directory Watch.
[[0;32m  OK  [0m] Stopped Dispatch Password Requests to Console Directory Watch.
[[0;32m  OK  [0m] Stopped Commit a transient machine-id on disk.
         Stopping Update UTMP about System Boot/Shutdown...
[[0;32m  OK  [0m] Stopped Network Name Resolution.
[[0;32m  OK  [0m] Stopped Load/Save Random Seed.
         Stopping Network Service...
[[0;32m  OK  [0m] Stopped Update UTMP about System Boot/Shutdown.
[[0;32m  OK  [0m] Stopped Create Volatile Files and Directories.
[[0;32m  OK  [0m] Stopped target Local File Systems.
         Unmounting /run/user/1000...
[[0;32m  OK  [0m] Unmounted /run/user/1000.
[[0;32m  OK  [0m] Reached target Unmount All Filesystems.
[[0;32m  OK  [0m] Stopped target Local File Systems (Pre).
         Stopping Monitoring of LVM2 mirrors…ng dmeventd or progress polling...
[[0;32m  OK  [0m] Stopped Create Static Device Nodes in /dev.
[[0;32m  OK  [0m] Stopped target Swap.
[[0;32m  OK  [0m] Stopped Monitoring of LVM2 mirrors,…sing dmeventd or progress polling.
         Stopping LVM2 metadata daemon...
[[0;32m  OK  [0m] Stopped LVM2 metadata daemon.
[[0;32m  OK  [0m] Stopped Network Service.
[[0;32m  OK  [0m] Stopped target Network (Pre).
[[0;32m  OK  [0m] Stopped Initial cloud-init job (pre-networking).
[[0;32m  OK  [0m] Stopped Remount Root and Kernel File Systems.
[[0;32m  OK  [0m] Stopped Apply Kernel Variables.
[[0;32m  OK  [0m] Stopped Load Kernel Modules.
[[0;32m  OK  [0m] Reached target Shutdown.
[[0;32m  OK  [0m] Reached target Final Step.
         Starting Power-Off...
[ 1293.877140] reboot: Power down
